<?xml version="1.0" encoding="UTF-8"?>
<!-- Generated by org.testng.reporters.JUnitReportReporter -->
<testsuite skipped="0" hostname="Admin-PC" name="kl.FirefoxTesting" tests="2" failures="0" timestamp="07 Feb 2018 05:09:06 GMT" time="90.810" errors="0">
  <testcase name="f4" time="43.585" classname="kl.FirefoxTesting"/>
  <testcase name="f7" time="47.225" classname="kl.FirefoxTesting"/>
</testsuite> <!-- kl.FirefoxTesting -->
