<?xml version="1.0" encoding="UTF-8"?>
<!-- Generated by org.testng.reporters.JUnitReportReporter -->
<testsuite skipped="0" hostname="Admin-PC" name="kl.A" tests="1" failures="0" timestamp="12 Feb 2018 19:37:17 GMT" time="0.002" errors="0">
  <testcase name="testCase1" time="0.002" classname="kl.A"/>
</testsuite> <!-- kl.A -->
