<?xml version="1.0" encoding="UTF-8"?>
<!-- Generated by org.testng.reporters.JUnitReportReporter -->
<testsuite skipped="2" hostname="Admin-PC" name="kl.Orangehrm" tests="3" failures="0" timestamp="12 Feb 2018 19:54:12 GMT" time="0.025" errors="0">
  <testcase name="functionl" time="0.025" classname="kl.Orangehrm"/>
  <testcase name="f3" classname="kl.Orangehrm">
    <skipped/>
  </testcase> <!-- f3 -->
  <testcase name="f2" classname="kl.Orangehrm">
    <skipped/>
  </testcase> <!-- f2 -->
</testsuite> <!-- kl.Orangehrm -->
