<?xml version="1.0" encoding="UTF-8"?>
<!-- Generated by org.testng.reporters.JUnitReportReporter -->
<testsuite skipped="0" hostname="Admin-PC" name="kl.BankLoan" tests="2" failures="0" timestamp="12 Feb 2018 19:57:51 GMT" time="0.018" errors="0">
  <testcase name="testCase2" time="0.003" classname="kl.BankLoan"/>
  <testcase name="testCase1" time="0.015" classname="kl.BankLoan"/>
</testsuite> <!-- kl.BankLoan -->
