<?xml version="1.0" encoding="UTF-8"?>
<!-- Generated by org.testng.reporters.JUnitReportReporter -->
<testsuite skipped="0" hostname="Admin-PC" name="kl.Ex" tests="4" failures="0" timestamp="27 Jan 2018 19:13:05 GMT" time="0.035" errors="0">
  <testcase name="process" time="0.003" classname="kl.Ex"/>
  <testcase name="start" time="0.026" classname="kl.Ex"/>
  <testcase name="stop" time="0.002" classname="kl.Ex"/>
  <testcase name="init" time="0.004" classname="kl.Ex"/>
</testsuite> <!-- kl.Ex -->
