<?xml version="1.0" encoding="UTF-8"?>
<!-- Generated by org.testng.reporters.JUnitReportReporter -->
<testsuite skipped="0" hostname="Admin-PC" name="kl.NewTest" tests="3" failures="0" timestamp="07 Feb 2018 17:07:42 GMT" time="141.631" errors="0">
  <testcase name="f4" time="94.745" classname="kl.NewTest"/>
  <testcase name="f7" time="41.726" classname="kl.NewTest"/>
  <testcase name="f9" time="5.160" classname="kl.NewTest"/>
</testsuite> <!-- kl.NewTest -->
